[debug] [2021-03-15T07:00:57.321Z] ----------------------------------------------------------------------
[debug] [2021-03-15T07:00:57.325Z] Command:       C:\Program Files\nodejs\node.exe C:\Users\Raxx\AppData\Roaming\npm\node_modules\firebase-tools\lib\bin\firebase.js init
[debug] [2021-03-15T07:00:57.326Z] CLI Version:   9.6.1
[debug] [2021-03-15T07:00:57.326Z] Platform:      win32
[debug] [2021-03-15T07:00:57.326Z] Node Version:  v14.15.5
[debug] [2021-03-15T07:00:57.327Z] Time:          Mon Mar 15 2021 12:30:57 GMT+0530 (India Standard Time)
[debug] [2021-03-15T07:00:57.327Z] ----------------------------------------------------------------------
[debug] [2021-03-15T07:00:57.327Z] 
[debug] [2021-03-15T07:00:57.342Z] > command requires scopes: ["email","openid","https://www.googleapis.com/auth/cloudplatformprojects.readonly","https://www.googleapis.com/auth/firebase","https://www.googleapis.com/auth/cloud-platform"]
[debug] [2021-03-15T07:00:57.343Z] > authorizing via signed-in user
[info] 
     ######## #### ########  ######## ########     ###     ######  ########
     ##        ##  ##     ## ##       ##     ##  ##   ##  ##       ##
     ######    ##  ########  ######   ########  #########  ######  ######
     ##        ##  ##    ##  ##       ##     ## ##     ##       ## ##
     ##       #### ##     ## ######## ########  ##     ##  ######  ########

You're about to initialize a Firebase project in this directory:

  F:\Courses\Angular\Projects\AnglarWebMusic

Before we get started, keep in mind:

  * You are initializing in an existing Firebase project directory

[info] 
=== Project Setup
[info] 
[info] First, let's associate this project directory with a Firebase project.
[info] You can create multiple project aliases by running firebase use --add, 
[info] but for now we'll just set up a default project.
[info] 
[info] i  .firebaserc already has a default project, using ismartmusic. 
[debug] [2021-03-15T07:01:05.397Z] > refreshing access token with scopes: []
[debug] [2021-03-15T07:01:05.398Z] >>> HTTP REQUEST POST https://www.googleapis.com/oauth2/v3/token  
 <request body omitted>
[debug] [2021-03-15T07:01:05.890Z] <<< HTTP RESPONSE 200 {"cache-control":"no-cache, no-store, max-age=0, must-revalidate","pragma":"no-cache","expires":"Mon, 01 Jan 1990 00:00:00 GMT","date":"Mon, 15 Mar 2021 07:01:06 GMT","content-type":"application/json; charset=utf-8","vary":"X-Origin, Referer, Origin,Accept-Encoding","server":"scaffolding on HTTPServer2","x-xss-protection":"0","x-frame-options":"SAMEORIGIN","x-content-type-options":"nosniff","alt-svc":"h3-29=\":443\"; ma=2592000,h3-T051=\":443\"; ma=2592000,h3-Q050=\":443\"; ma=2592000,h3-Q046=\":443\"; ma=2592000,h3-Q043=\":443\"; ma=2592000,quic=\":443\"; ma=2592000; v=\"46,43\"","accept-ranges":"none","transfer-encoding":"chunked"}
[debug] [2021-03-15T07:01:05.908Z] >>> [apiv2][query] GET https://firebase.googleapis.com/v1beta1/projects/ismartmusic [none]
[debug] [2021-03-15T07:01:06.809Z] <<< [apiv2][status] GET https://firebase.googleapis.com/v1beta1/projects/ismartmusic 200
[debug] [2021-03-15T07:01:06.810Z] <<< [apiv2][body] GET https://firebase.googleapis.com/v1beta1/projects/ismartmusic {"projectId":"ismartmusic","projectNumber":"447174641275","displayName":"iSmartMusic","name":"projects/ismartmusic","resources":{"hostingSite":"ismartmusic","realtimeDatabaseInstance":"ismartmusic-default-rtdb","storageBucket":"ismartmusic.appspot.com","locationId":"asia-south1"},"state":"ACTIVE"}
[info] 
=== Hosting Setup
[info] 
[info] Your public directory is the folder (relative to your project directory) that
[info] will contain Hosting assets to be uploaded with firebase deploy. If you
[info] have a build process for your assets, use your build's output directory.
[info] 
